<?xml version="1.0" encoding="UTF-8"?>
<!-- Generated by org.testng.reporters.JUnitReportReporter -->
<testsuite hostname="DESKTOP-3R6COPU" failures="0" tests="3" name="automatedProject.tests.SubmitOrderTest" time="24.452" errors="0" timestamp="2025-02-09T20:17:17 CST" skipped="0">
  <testcase classname="automatedProject.tests.SubmitOrderTest" name="submitOrder" time="9.171"/>
  <testcase classname="automatedProject.tests.SubmitOrderTest" name="OrderHistoryTest" time="5.903"/>
  <testcase classname="automatedProject.tests.SubmitOrderTest" name="submitOrder" time="9.378"/>
</testsuite> <!-- automatedProject.tests.SubmitOrderTest -->
