<?xml version="1.0" encoding="UTF-8"?>
<!-- Generated by org.testng.reporters.JUnitReportReporter -->
<testsuite hostname="DESKTOP-3R6COPU" failures="0" tests="1" name="automatedProject.tests.ErrorValidationsTest" time="6.494" errors="0" timestamp="2025-02-09T20:17:17 CST" skipped="0">
  <testcase classname="automatedProject.tests.ErrorValidationsTest" name="LoginErrorValidation" time="6.494"/>
</testsuite> <!-- automatedProject.tests.ErrorValidationsTest -->
